[2018-12-17 07:35:46] lumen.ERROR: PDOException: PDO::__construct(): The server requested authentication method unknown to the client [caching_sha2_password] in /Users/rama/project/lumen/lumenauth/vendor/illuminate/database/Connectors/Connector.php:67
Stack trace:
#0 /Users/rama/project/lumen/lumenauth/vendor/illuminate/database/Connectors/Connector.php(67): PDO->__construct('mysql:host=127....', 'root', 'Kul0nuwun', Array)
#1 /Users/rama/project/lumen/lumenauth/vendor/illuminate/database/Connectors/Connector.php(43): Illuminate\Database\Connectors\Connector->createPdoConnection('mysql:host=127....', 'root', 'Kul0nuwun', Array)
#2 /Users/rama/project/lumen/lumenauth/vendor/illuminate/database/Connectors/MySqlConnector.php(24): Illuminate\Database\Connectors\Connector->createConnection('mysql:host=127....', Array, Array)
#3 /Users/rama/project/lumen/lumenauth/vendor/illuminate/database/Connectors/ConnectionFactory.php(183): Illuminate\Database\Connectors\MySqlConnector->connect(Array)
#4 [internal function]: Illuminate\Database\Connectors\ConnectionFactory->Illuminate\Database\Connectors\{closure}()
#5 /Users/rama/project/lumen/lumenauth/vendor/illuminate/database/Connection.php(915): call_user_func(Object(Closure))
#6 /Users/rama/project/lumen/lumenauth/vendor/illuminate/database/Connection.php(940): Illuminate\Database\Connection->getPdo()
#7 /Users/rama/project/lumen/lumenauth/vendor/illuminate/database/Connection.php(399): Illuminate\Database\Connection->getReadPdo()
#8 /Users/rama/project/lumen/lumenauth/vendor/illuminate/database/Connection.php(325): Illuminate\Database\Connection->getPdoForSelect(true)
#9 /Users/rama/project/lumen/lumenauth/vendor/illuminate/database/Connection.php(657): Illuminate\Database\Connection->Illuminate\Database\{closure}('select * from i...', Array)
#10 /Users/rama/project/lumen/lumenauth/vendor/illuminate/database/Connection.php(624): Illuminate\Database\Connection->runQueryCallback('select * from i...', Array, Object(Closure))
#11 /Users/rama/project/lumen/lumenauth/vendor/illuminate/database/Connection.php(333): Illuminate\Database\Connection->run('select * from i...', Array, Object(Closure))
#12 /Users/rama/project/lumen/lumenauth/vendor/illuminate/database/Schema/MySqlBuilder.php(18): Illuminate\Database\Connection->select('select * from i...', Array)
#13 /Users/rama/project/lumen/lumenauth/vendor/illuminate/database/Migrations/DatabaseMigrationRepository.php(156): Illuminate\Database\Schema\MySqlBuilder->hasTable('migrations')
#14 /Users/rama/project/lumen/lumenauth/vendor/illuminate/database/Migrations/Migrator.php(545): Illuminate\Database\Migrations\DatabaseMigrationRepository->repositoryExists()
#15 /Users/rama/project/lumen/lumenauth/vendor/illuminate/database/Console/Migrations/MigrateCommand.php(96): Illuminate\Database\Migrations\Migrator->repositoryExists()
#16 /Users/rama/project/lumen/lumenauth/vendor/illuminate/database/Console/Migrations/MigrateCommand.php(62): Illuminate\Database\Console\Migrations\MigrateCommand->prepareDatabase()
#17 [internal function]: Illuminate\Database\Console\Migrations\MigrateCommand->handle()
#18 /Users/rama/project/lumen/lumenauth/vendor/illuminate/container/BoundMethod.php(29): call_user_func_array(Array, Array)
#19 /Users/rama/project/lumen/lumenauth/vendor/illuminate/container/BoundMethod.php(87): Illuminate\Container\BoundMethod::Illuminate\Container\{closure}()
#20 /Users/rama/project/lumen/lumenauth/vendor/illuminate/container/BoundMethod.php(31): Illuminate\Container\BoundMethod::callBoundMethod(Object(Laravel\Lumen\Application), Array, Object(Closure))
#21 /Users/rama/project/lumen/lumenauth/vendor/illuminate/container/Container.php(549): Illuminate\Container\BoundMethod::call(Object(Laravel\Lumen\Application), Array, Array, NULL)
#22 /Users/rama/project/lumen/lumenauth/vendor/illuminate/console/Command.php(183): Illuminate\Container\Container->call(Array)
#23 /Users/rama/project/lumen/lumenauth/vendor/symfony/console/Command/Command.php(255): Illuminate\Console\Command->execute(Object(Symfony\Component\Console\Input\ArgvInput), Object(Illuminate\Console\OutputStyle))
#24 /Users/rama/project/lumen/lumenauth/vendor/illuminate/console/Command.php(170): Symfony\Component\Console\Command\Command->run(Object(Symfony\Component\Console\Input\ArgvInput), Object(Illuminate\Console\OutputStyle))
#25 /Users/rama/project/lumen/lumenauth/vendor/symfony/console/Application.php(953): Illuminate\Console\Command->run(Object(Symfony\Component\Console\Input\ArgvInput), Object(Symfony\Component\Console\Output\ConsoleOutput))
#26 /Users/rama/project/lumen/lumenauth/vendor/symfony/console/Application.php(248): Symfony\Component\Console\Application->doRunCommand(Object(Illuminate\Database\Console\Migrations\MigrateCommand), Object(Symfony\Component\Console\Input\ArgvInput), Object(Symfony\Component\Console\Output\ConsoleOutput))
#27 /Users/rama/project/lumen/lumenauth/vendor/symfony/console/Application.php(148): Symfony\Component\Console\Application->doRun(Object(Symfony\Component\Console\Input\ArgvInput), Object(Symfony\Component\Console\Output\ConsoleOutput))
#28 /Users/rama/project/lumen/lumenauth/vendor/illuminate/console/Application.php(88): Symfony\Component\Console\Application->run(Object(Symfony\Component\Console\Input\ArgvInput), Object(Symfony\Component\Console\Output\ConsoleOutput))
#29 /Users/rama/project/lumen/lumenauth/vendor/laravel/lumen-framework/src/Console/Kernel.php(84): Illuminate\Console\Application->run(Object(Symfony\Component\Console\Input\ArgvInput), Object(Symfony\Component\Console\Output\ConsoleOutput))
#30 /Users/rama/project/lumen/lumenauth/artisan(35): Laravel\Lumen\Console\Kernel->handle(Object(Symfony\Component\Console\Input\ArgvInput), Object(Symfony\Component\Console\Output\ConsoleOutput))
#31 {main}

Next PDOException: SQLSTATE[HY000] [2054] The server requested authentication method unknown to the client in /Users/rama/project/lumen/lumenauth/vendor/illuminate/database/Connectors/Connector.php:67
Stack trace:
#0 /Users/rama/project/lumen/lumenauth/vendor/illuminate/database/Connectors/Connector.php(67): PDO->__construct('mysql:host=127....', 'root', 'Kul0nuwun', Array)
#1 /Users/rama/project/lumen/lumenauth/vendor/illuminate/database/Connectors/Connector.php(43): Illuminate\Database\Connectors\Connector->createPdoConnection('mysql:host=127....', 'root', 'Kul0nuwun', Array)
#2 /Users/rama/project/lumen/lumenauth/vendor/illuminate/database/Connectors/MySqlConnector.php(24): Illuminate\Database\Connectors\Connector->createConnection('mysql:host=127....', Array, Array)
#3 /Users/rama/project/lumen/lumenauth/vendor/illuminate/database/Connectors/ConnectionFactory.php(183): Illuminate\Database\Connectors\MySqlConnector->connect(Array)
#4 [internal function]: Illuminate\Database\Connectors\ConnectionFactory->Illuminate\Database\Connectors\{closure}()
#5 /Users/rama/project/lumen/lumenauth/vendor/illuminate/database/Connection.php(915): call_user_func(Object(Closure))
#6 /Users/rama/project/lumen/lumenauth/vendor/illuminate/database/Connection.php(940): Illuminate\Database\Connection->getPdo()
#7 /Users/rama/project/lumen/lumenauth/vendor/illuminate/database/Connection.php(399): Illuminate\Database\Connection->getReadPdo()
#8 /Users/rama/project/lumen/lumenauth/vendor/illuminate/database/Connection.php(325): Illuminate\Database\Connection->getPdoForSelect(true)
#9 /Users/rama/project/lumen/lumenauth/vendor/illuminate/database/Connection.php(657): Illuminate\Database\Connection->Illuminate\Database\{closure}('select * from i...', Array)
#10 /Users/rama/project/lumen/lumenauth/vendor/illuminate/database/Connection.php(624): Illuminate\Database\Connection->runQueryCallback('select * from i...', Array, Object(Closure))
#11 /Users/rama/project/lumen/lumenauth/vendor/illuminate/database/Connection.php(333): Illuminate\Database\Connection->run('select * from i...', Array, Object(Closure))
#12 /Users/rama/project/lumen/lumenauth/vendor/illuminate/database/Schema/MySqlBuilder.php(18): Illuminate\Database\Connection->select('select * from i...', Array)
#13 /Users/rama/project/lumen/lumenauth/vendor/illuminate/database/Migrations/DatabaseMigrationRepository.php(156): Illuminate\Database\Schema\MySqlBuilder->hasTable('migrations')
#14 /Users/rama/project/lumen/lumenauth/vendor/illuminate/database/Migrations/Migrator.php(545): Illuminate\Database\Migrations\DatabaseMigrationRepository->repositoryExists()
#15 /Users/rama/project/lumen/lumenauth/vendor/illuminate/database/Console/Migrations/MigrateCommand.php(96): Illuminate\Database\Migrations\Migrator->repositoryExists()
#16 /Users/rama/project/lumen/lumenauth/vendor/illuminate/database/Console/Migrations/MigrateCommand.php(62): Illuminate\Database\Console\Migrations\MigrateCommand->prepareDatabase()
#17 [internal function]: Illuminate\Database\Console\Migrations\MigrateCommand->handle()
#18 /Users/rama/project/lumen/lumenauth/vendor/illuminate/container/BoundMethod.php(29): call_user_func_array(Array, Array)
#19 /Users/rama/project/lumen/lumenauth/vendor/illuminate/container/BoundMethod.php(87): Illuminate\Container\BoundMethod::Illuminate\Container\{closure}()
#20 /Users/rama/project/lumen/lumenauth/vendor/illuminate/container/BoundMethod.php(31): Illuminate\Container\BoundMethod::callBoundMethod(Object(Laravel\Lumen\Application), Array, Object(Closure))
#21 /Users/rama/project/lumen/lumenauth/vendor/illuminate/container/Container.php(549): Illuminate\Container\BoundMethod::call(Object(Laravel\Lumen\Application), Array, Array, NULL)
#22 /Users/rama/project/lumen/lumenauth/vendor/illuminate/console/Command.php(183): Illuminate\Container\Container->call(Array)
#23 /Users/rama/project/lumen/lumenauth/vendor/symfony/console/Command/Command.php(255): Illuminate\Console\Command->execute(Object(Symfony\Component\Console\Input\ArgvInput), Object(Illuminate\Console\OutputStyle))
#24 /Users/rama/project/lumen/lumenauth/vendor/illuminate/console/Command.php(170): Symfony\Component\Console\Command\Command->run(Object(Symfony\Component\Console\Input\ArgvInput), Object(Illuminate\Console\OutputStyle))
#25 /Users/rama/project/lumen/lumenauth/vendor/symfony/console/Application.php(953): Illuminate\Console\Command->run(Object(Symfony\Component\Console\Input\ArgvInput), Object(Symfony\Component\Console\Output\ConsoleOutput))
#26 /Users/rama/project/lumen/lumenauth/vendor/symfony/console/Application.php(248): Symfony\Component\Console\Application->doRunCommand(Object(Illuminate\Database\Console\Migrations\MigrateCommand), Object(Symfony\Component\Console\Input\ArgvInput), Object(Symfony\Component\Console\Output\ConsoleOutput))
#27 /Users/rama/project/lumen/lumenauth/vendor/symfony/console/Application.php(148): Symfony\Component\Console\Application->doRun(Object(Symfony\Component\Console\Input\ArgvInput), Object(Symfony\Component\Console\Output\ConsoleOutput))
#28 /Users/rama/project/lumen/lumenauth/vendor/illuminate/console/Application.php(88): Symfony\Component\Console\Application->run(Object(Symfony\Component\Console\Input\ArgvInput), Object(Symfony\Component\Console\Output\ConsoleOutput))
#29 /Users/rama/project/lumen/lumenauth/vendor/laravel/lumen-framework/src/Console/Kernel.php(84): Illuminate\Console\Application->run(Object(Symfony\Component\Console\Input\ArgvInput), Object(Symfony\Component\Console\Output\ConsoleOutput))
#30 /Users/rama/project/lumen/lumenauth/artisan(35): Laravel\Lumen\Console\Kernel->handle(Object(Symfony\Component\Console\Input\ArgvInput), Object(Symfony\Component\Console\Output\ConsoleOutput))
#31 {main}  
[2018-12-17 07:35:46] lumen.ERROR: PDOException: PDO::__construct(): The server requested authentication method unknown to the client [caching_sha2_password] in /Users/rama/project/lumen/lumenauth/vendor/illuminate/database/Connectors/Connector.php:67
Stack trace:
#0 /Users/rama/project/lumen/lumenauth/vendor/illuminate/database/Connectors/Connector.php(67): PDO->__construct('mysql:host=127....', 'root', 'Kul0nuwun', Array)
#1 /Users/rama/project/lumen/lumenauth/vendor/illuminate/database/Connectors/Connector.php(43): Illuminate\Database\Connectors\Connector->createPdoConnection('mysql:host=127....', 'root', 'Kul0nuwun', Array)
#2 /Users/rama/project/lumen/lumenauth/vendor/illuminate/database/Connectors/MySqlConnector.php(24): Illuminate\Database\Connectors\Connector->createConnection('mysql:host=127....', Array, Array)
#3 /Users/rama/project/lumen/lumenauth/vendor/illuminate/database/Connectors/ConnectionFactory.php(183): Illuminate\Database\Connectors\MySqlConnector->connect(Array)
#4 [internal function]: Illuminate\Database\Connectors\ConnectionFactory->Illuminate\Database\Connectors\{closure}()
#5 /Users/rama/project/lumen/lumenauth/vendor/illuminate/database/Connection.php(915): call_user_func(Object(Closure))
#6 /Users/rama/project/lumen/lumenauth/vendor/illuminate/database/Connection.php(940): Illuminate\Database\Connection->getPdo()
#7 /Users/rama/project/lumen/lumenauth/vendor/illuminate/database/Connection.php(399): Illuminate\Database\Connection->getReadPdo()
#8 /Users/rama/project/lumen/lumenauth/vendor/illuminate/database/Connection.php(325): Illuminate\Database\Connection->getPdoForSelect(true)
#9 /Users/rama/project/lumen/lumenauth/vendor/illuminate/database/Connection.php(657): Illuminate\Database\Connection->Illuminate\Database\{closure}('select * from i...', Array)
#10 /Users/rama/project/lumen/lumenauth/vendor/illuminate/database/Connection.php(624): Illuminate\Database\Connection->runQueryCallback('select * from i...', Array, Object(Closure))
#11 /Users/rama/project/lumen/lumenauth/vendor/illuminate/database/Connection.php(333): Illuminate\Database\Connection->run('select * from i...', Array, Object(Closure))
#12 /Users/rama/project/lumen/lumenauth/vendor/illuminate/database/Schema/MySqlBuilder.php(18): Illuminate\Database\Connection->select('select * from i...', Array)
#13 /Users/rama/project/lumen/lumenauth/vendor/illuminate/database/Migrations/DatabaseMigrationRepository.php(156): Illuminate\Database\Schema\MySqlBuilder->hasTable('migrations')
#14 /Users/rama/project/lumen/lumenauth/vendor/illuminate/database/Migrations/Migrator.php(545): Illuminate\Database\Migrations\DatabaseMigrationRepository->repositoryExists()
#15 /Users/rama/project/lumen/lumenauth/vendor/illuminate/database/Console/Migrations/MigrateCommand.php(96): Illuminate\Database\Migrations\Migrator->repositoryExists()
#16 /Users/rama/project/lumen/lumenauth/vendor/illuminate/database/Console/Migrations/MigrateCommand.php(62): Illuminate\Database\Console\Migrations\MigrateCommand->prepareDatabase()
#17 [internal function]: Illuminate\Database\Console\Migrations\MigrateCommand->handle()
#18 /Users/rama/project/lumen/lumenauth/vendor/illuminate/container/BoundMethod.php(29): call_user_func_array(Array, Array)
#19 /Users/rama/project/lumen/lumenauth/vendor/illuminate/container/BoundMethod.php(87): Illuminate\Container\BoundMethod::Illuminate\Container\{closure}()
#20 /Users/rama/project/lumen/lumenauth/vendor/illuminate/container/BoundMethod.php(31): Illuminate\Container\BoundMethod::callBoundMethod(Object(Laravel\Lumen\Application), Array, Object(Closure))
#21 /Users/rama/project/lumen/lumenauth/vendor/illuminate/container/Container.php(549): Illuminate\Container\BoundMethod::call(Object(Laravel\Lumen\Application), Array, Array, NULL)
#22 /Users/rama/project/lumen/lumenauth/vendor/illuminate/console/Command.php(183): Illuminate\Container\Container->call(Array)
#23 /Users/rama/project/lumen/lumenauth/vendor/symfony/console/Command/Command.php(255): Illuminate\Console\Command->execute(Object(Symfony\Component\Console\Input\ArgvInput), Object(Illuminate\Console\OutputStyle))
#24 /Users/rama/project/lumen/lumenauth/vendor/illuminate/console/Command.php(170): Symfony\Component\Console\Command\Command->run(Object(Symfony\Component\Console\Input\ArgvInput), Object(Illuminate\Console\OutputStyle))
#25 /Users/rama/project/lumen/lumenauth/vendor/symfony/console/Application.php(953): Illuminate\Console\Command->run(Object(Symfony\Component\Console\Input\ArgvInput), Object(Symfony\Component\Console\Output\ConsoleOutput))
#26 /Users/rama/project/lumen/lumenauth/vendor/symfony/console/Application.php(248): Symfony\Component\Console\Application->doRunCommand(Object(Illuminate\Database\Console\Migrations\MigrateCommand), Object(Symfony\Component\Console\Input\ArgvInput), Object(Symfony\Component\Console\Output\ConsoleOutput))
#27 /Users/rama/project/lumen/lumenauth/vendor/symfony/console/Application.php(148): Symfony\Component\Console\Application->doRun(Object(Symfony\Component\Console\Input\ArgvInput), Object(Symfony\Component\Console\Output\ConsoleOutput))
#28 /Users/rama/project/lumen/lumenauth/vendor/illuminate/console/Application.php(88): Symfony\Component\Console\Application->run(Object(Symfony\Component\Console\Input\ArgvInput), Object(Symfony\Component\Console\Output\ConsoleOutput))
#29 /Users/rama/project/lumen/lumenauth/vendor/laravel/lumen-framework/src/Console/Kernel.php(84): Illuminate\Console\Application->run(Object(Symfony\Component\Console\Input\ArgvInput), Object(Symfony\Component\Console\Output\ConsoleOutput))
#30 /Users/rama/project/lumen/lumenauth/artisan(35): Laravel\Lumen\Console\Kernel->handle(Object(Symfony\Component\Console\Input\ArgvInput), Object(Symfony\Component\Console\Output\ConsoleOutput))
#31 {main}

Next PDOException: SQLSTATE[HY000] [2054] The server requested authentication method unknown to the client in /Users/rama/project/lumen/lumenauth/vendor/illuminate/database/Connectors/Connector.php:67
Stack trace:
#0 /Users/rama/project/lumen/lumenauth/vendor/illuminate/database/Connectors/Connector.php(67): PDO->__construct('mysql:host=127....', 'root', 'Kul0nuwun', Array)
#1 /Users/rama/project/lumen/lumenauth/vendor/illuminate/database/Connectors/Connector.php(43): Illuminate\Database\Connectors\Connector->createPdoConnection('mysql:host=127....', 'root', 'Kul0nuwun', Array)
#2 /Users/rama/project/lumen/lumenauth/vendor/illuminate/database/Connectors/MySqlConnector.php(24): Illuminate\Database\Connectors\Connector->createConnection('mysql:host=127....', Array, Array)
#3 /Users/rama/project/lumen/lumenauth/vendor/illuminate/database/Connectors/ConnectionFactory.php(183): Illuminate\Database\Connectors\MySqlConnector->connect(Array)
#4 [internal function]: Illuminate\Database\Connectors\ConnectionFactory->Illuminate\Database\Connectors\{closure}()
#5 /Users/rama/project/lumen/lumenauth/vendor/illuminate/database/Connection.php(915): call_user_func(Object(Closure))
#6 /Users/rama/project/lumen/lumenauth/vendor/illuminate/database/Connection.php(940): Illuminate\Database\Connection->getPdo()
#7 /Users/rama/project/lumen/lumenauth/vendor/illuminate/database/Connection.php(399): Illuminate\Database\Connection->getReadPdo()
#8 /Users/rama/project/lumen/lumenauth/vendor/illuminate/database/Connection.php(325): Illuminate\Database\Connection->getPdoForSelect(true)
#9 /Users/rama/project/lumen/lumenauth/vendor/illuminate/database/Connection.php(657): Illuminate\Database\Connection->Illuminate\Database\{closure}('select * from i...', Array)
#10 /Users/rama/project/lumen/lumenauth/vendor/illuminate/database/Connection.php(624): Illuminate\Database\Connection->runQueryCallback('select * from i...', Array, Object(Closure))
#11 /Users/rama/project/lumen/lumenauth/vendor/illuminate/database/Connection.php(333): Illuminate\Database\Connection->run('select * from i...', Array, Object(Closure))
#12 /Users/rama/project/lumen/lumenauth/vendor/illuminate/database/Schema/MySqlBuilder.php(18): Illuminate\Database\Connection->select('select * from i...', Array)
#13 /Users/rama/project/lumen/lumenauth/vendor/illuminate/database/Migrations/DatabaseMigrationRepository.php(156): Illuminate\Database\Schema\MySqlBuilder->hasTable('migrations')
#14 /Users/rama/project/lumen/lumenauth/vendor/illuminate/database/Migrations/Migrator.php(545): Illuminate\Database\Migrations\DatabaseMigrationRepository->repositoryExists()
#15 /Users/rama/project/lumen/lumenauth/vendor/illuminate/database/Console/Migrations/MigrateCommand.php(96): Illuminate\Database\Migrations\Migrator->repositoryExists()
#16 /Users/rama/project/lumen/lumenauth/vendor/illuminate/database/Console/Migrations/MigrateCommand.php(62): Illuminate\Database\Console\Migrations\MigrateCommand->prepareDatabase()
#17 [internal function]: Illuminate\Database\Console\Migrations\MigrateCommand->handle()
#18 /Users/rama/project/lumen/lumenauth/vendor/illuminate/container/BoundMethod.php(29): call_user_func_array(Array, Array)
#19 /Users/rama/project/lumen/lumenauth/vendor/illuminate/container/BoundMethod.php(87): Illuminate\Container\BoundMethod::Illuminate\Container\{closure}()
#20 /Users/rama/project/lumen/lumenauth/vendor/illuminate/container/BoundMethod.php(31): Illuminate\Container\BoundMethod::callBoundMethod(Object(Laravel\Lumen\Application), Array, Object(Closure))
#21 /Users/rama/project/lumen/lumenauth/vendor/illuminate/container/Container.php(549): Illuminate\Container\BoundMethod::call(Object(Laravel\Lumen\Application), Array, Array, NULL)
#22 /Users/rama/project/lumen/lumenauth/vendor/illuminate/console/Command.php(183): Illuminate\Container\Container->call(Array)
#23 /Users/rama/project/lumen/lumenauth/vendor/symfony/console/Command/Command.php(255): Illuminate\Console\Command->execute(Object(Symfony\Component\Console\Input\ArgvInput), Object(Illuminate\Console\OutputStyle))
#24 /Users/rama/project/lumen/lumenauth/vendor/illuminate/console/Command.php(170): Symfony\Component\Console\Command\Command->run(Object(Symfony\Component\Console\Input\ArgvInput), Object(Illuminate\Console\OutputStyle))
#25 /Users/rama/project/lumen/lumenauth/vendor/symfony/console/Application.php(953): Illuminate\Console\Command->run(Object(Symfony\Component\Console\Input\ArgvInput), Object(Symfony\Component\Console\Output\ConsoleOutput))
#26 /Users/rama/project/lumen/lumenauth/vendor/symfony/console/Application.php(248): Symfony\Component\Console\Application->doRunCommand(Object(Illuminate\Database\Console\Migrations\MigrateCommand), Object(Symfony\Component\Console\Input\ArgvInput), Object(Symfony\Component\Console\Output\ConsoleOutput))
#27 /Users/rama/project/lumen/lumenauth/vendor/symfony/console/Application.php(148): Symfony\Component\Console\Application->doRun(Object(Symfony\Component\Console\Input\ArgvInput), Object(Symfony\Component\Console\Output\ConsoleOutput))
#28 /Users/rama/project/lumen/lumenauth/vendor/illuminate/console/Application.php(88): Symfony\Component\Console\Application->run(Object(Symfony\Component\Console\Input\ArgvInput), Object(Symfony\Component\Console\Output\ConsoleOutput))
#29 /Users/rama/project/lumen/lumenauth/vendor/laravel/lumen-framework/src/Console/Kernel.php(84): Illuminate\Console\Application->run(Object(Symfony\Component\Console\Input\ArgvInput), Object(Symfony\Component\Console\Output\ConsoleOutput))
#30 /Users/rama/project/lumen/lumenauth/artisan(35): Laravel\Lumen\Console\Kernel->handle(Object(Symfony\Component\Console\Input\ArgvInput), Object(Symfony\Component\Console\Output\ConsoleOutput))
#31 {main}

Next Illuminate\Database\QueryException: SQLSTATE[HY000] [2054] The server requested authentication method unknown to the client (SQL: select * from information_schema.tables where table_schema = lumenauth and table_name = migrations) in /Users/rama/project/lumen/lumenauth/vendor/illuminate/database/Connection.php:664
Stack trace:
#0 /Users/rama/project/lumen/lumenauth/vendor/illuminate/database/Connection.php(624): Illuminate\Database\Connection->runQueryCallback('select * from i...', Array, Object(Closure))
#1 /Users/rama/project/lumen/lumenauth/vendor/illuminate/database/Connection.php(333): Illuminate\Database\Connection->run('select * from i...', Array, Object(Closure))
#2 /Users/rama/project/lumen/lumenauth/vendor/illuminate/database/Schema/MySqlBuilder.php(18): Illuminate\Database\Connection->select('select * from i...', Array)
#3 /Users/rama/project/lumen/lumenauth/vendor/illuminate/database/Migrations/DatabaseMigrationRepository.php(156): Illuminate\Database\Schema\MySqlBuilder->hasTable('migrations')
#4 /Users/rama/project/lumen/lumenauth/vendor/illuminate/database/Migrations/Migrator.php(545): Illuminate\Database\Migrations\DatabaseMigrationRepository->repositoryExists()
#5 /Users/rama/project/lumen/lumenauth/vendor/illuminate/database/Console/Migrations/MigrateCommand.php(96): Illuminate\Database\Migrations\Migrator->repositoryExists()
#6 /Users/rama/project/lumen/lumenauth/vendor/illuminate/database/Console/Migrations/MigrateCommand.php(62): Illuminate\Database\Console\Migrations\MigrateCommand->prepareDatabase()
#7 [internal function]: Illuminate\Database\Console\Migrations\MigrateCommand->handle()
#8 /Users/rama/project/lumen/lumenauth/vendor/illuminate/container/BoundMethod.php(29): call_user_func_array(Array, Array)
#9 /Users/rama/project/lumen/lumenauth/vendor/illuminate/container/BoundMethod.php(87): Illuminate\Container\BoundMethod::Illuminate\Container\{closure}()
#10 /Users/rama/project/lumen/lumenauth/vendor/illuminate/container/BoundMethod.php(31): Illuminate\Container\BoundMethod::callBoundMethod(Object(Laravel\Lumen\Application), Array, Object(Closure))
#11 /Users/rama/project/lumen/lumenauth/vendor/illuminate/container/Container.php(549): Illuminate\Container\BoundMethod::call(Object(Laravel\Lumen\Application), Array, Array, NULL)
#12 /Users/rama/project/lumen/lumenauth/vendor/illuminate/console/Command.php(183): Illuminate\Container\Container->call(Array)
#13 /Users/rama/project/lumen/lumenauth/vendor/symfony/console/Command/Command.php(255): Illuminate\Console\Command->execute(Object(Symfony\Component\Console\Input\ArgvInput), Object(Illuminate\Console\OutputStyle))
#14 /Users/rama/project/lumen/lumenauth/vendor/illuminate/console/Command.php(170): Symfony\Component\Console\Command\Command->run(Object(Symfony\Component\Console\Input\ArgvInput), Object(Illuminate\Console\OutputStyle))
#15 /Users/rama/project/lumen/lumenauth/vendor/symfony/console/Application.php(953): Illuminate\Console\Command->run(Object(Symfony\Component\Console\Input\ArgvInput), Object(Symfony\Component\Console\Output\ConsoleOutput))
#16 /Users/rama/project/lumen/lumenauth/vendor/symfony/console/Application.php(248): Symfony\Component\Console\Application->doRunCommand(Object(Illuminate\Database\Console\Migrations\MigrateCommand), Object(Symfony\Component\Console\Input\ArgvInput), Object(Symfony\Component\Console\Output\ConsoleOutput))
#17 /Users/rama/project/lumen/lumenauth/vendor/symfony/console/Application.php(148): Symfony\Component\Console\Application->doRun(Object(Symfony\Component\Console\Input\ArgvInput), Object(Symfony\Component\Console\Output\ConsoleOutput))
#18 /Users/rama/project/lumen/lumenauth/vendor/illuminate/console/Application.php(88): Symfony\Component\Console\Application->run(Object(Symfony\Component\Console\Input\ArgvInput), Object(Symfony\Component\Console\Output\ConsoleOutput))
#19 /Users/rama/project/lumen/lumenauth/vendor/laravel/lumen-framework/src/Console/Kernel.php(84): Illuminate\Console\Application->run(Object(Symfony\Component\Console\Input\ArgvInput), Object(Symfony\Component\Console\Output\ConsoleOutput))
#20 /Users/rama/project/lumen/lumenauth/artisan(35): Laravel\Lumen\Console\Kernel->handle(Object(Symfony\Component\Console\Input\ArgvInput), Object(Symfony\Component\Console\Output\ConsoleOutput))
#21 {main}  
[2018-12-17 07:40:45] lumen.ERROR: PDOException: PDO::__construct(): The server requested authentication method unknown to the client [caching_sha2_password] in /Users/rama/project/lumen/lumenauth/vendor/illuminate/database/Connectors/Connector.php:67
Stack trace:
#0 /Users/rama/project/lumen/lumenauth/vendor/illuminate/database/Connectors/Connector.php(67): PDO->__construct('mysql:host=127....', 'root', 'Kul0nuwun', Array)
#1 /Users/rama/project/lumen/lumenauth/vendor/illuminate/database/Connectors/Connector.php(43): Illuminate\Database\Connectors\Connector->createPdoConnection('mysql:host=127....', 'root', 'Kul0nuwun', Array)
#2 /Users/rama/project/lumen/lumenauth/vendor/illuminate/database/Connectors/MySqlConnector.php(24): Illuminate\Database\Connectors\Connector->createConnection('mysql:host=127....', Array, Array)
#3 /Users/rama/project/lumen/lumenauth/vendor/illuminate/database/Connectors/ConnectionFactory.php(183): Illuminate\Database\Connectors\MySqlConnector->connect(Array)
#4 [internal function]: Illuminate\Database\Connectors\ConnectionFactory->Illuminate\Database\Connectors\{closure}()
#5 /Users/rama/project/lumen/lumenauth/vendor/illuminate/database/Connection.php(915): call_user_func(Object(Closure))
#6 /Users/rama/project/lumen/lumenauth/vendor/illuminate/database/Connection.php(940): Illuminate\Database\Connection->getPdo()
#7 /Users/rama/project/lumen/lumenauth/vendor/illuminate/database/Connection.php(399): Illuminate\Database\Connection->getReadPdo()
#8 /Users/rama/project/lumen/lumenauth/vendor/illuminate/database/Connection.php(325): Illuminate\Database\Connection->getPdoForSelect(true)
#9 /Users/rama/project/lumen/lumenauth/vendor/illuminate/database/Connection.php(657): Illuminate\Database\Connection->Illuminate\Database\{closure}('select * from i...', Array)
#10 /Users/rama/project/lumen/lumenauth/vendor/illuminate/database/Connection.php(624): Illuminate\Database\Connection->runQueryCallback('select * from i...', Array, Object(Closure))
#11 /Users/rama/project/lumen/lumenauth/vendor/illuminate/database/Connection.php(333): Illuminate\Database\Connection->run('select * from i...', Array, Object(Closure))
#12 /Users/rama/project/lumen/lumenauth/vendor/illuminate/database/Schema/MySqlBuilder.php(18): Illuminate\Database\Connection->select('select * from i...', Array)
#13 /Users/rama/project/lumen/lumenauth/vendor/illuminate/database/Migrations/DatabaseMigrationRepository.php(156): Illuminate\Database\Schema\MySqlBuilder->hasTable('migrations')
#14 /Users/rama/project/lumen/lumenauth/vendor/illuminate/database/Migrations/Migrator.php(545): Illuminate\Database\Migrations\DatabaseMigrationRepository->repositoryExists()
#15 /Users/rama/project/lumen/lumenauth/vendor/illuminate/database/Console/Migrations/MigrateCommand.php(96): Illuminate\Database\Migrations\Migrator->repositoryExists()
#16 /Users/rama/project/lumen/lumenauth/vendor/illuminate/database/Console/Migrations/MigrateCommand.php(62): Illuminate\Database\Console\Migrations\MigrateCommand->prepareDatabase()
#17 [internal function]: Illuminate\Database\Console\Migrations\MigrateCommand->handle()
#18 /Users/rama/project/lumen/lumenauth/vendor/illuminate/container/BoundMethod.php(29): call_user_func_array(Array, Array)
#19 /Users/rama/project/lumen/lumenauth/vendor/illuminate/container/BoundMethod.php(87): Illuminate\Container\BoundMethod::Illuminate\Container\{closure}()
#20 /Users/rama/project/lumen/lumenauth/vendor/illuminate/container/BoundMethod.php(31): Illuminate\Container\BoundMethod::callBoundMethod(Object(Laravel\Lumen\Application), Array, Object(Closure))
#21 /Users/rama/project/lumen/lumenauth/vendor/illuminate/container/Container.php(549): Illuminate\Container\BoundMethod::call(Object(Laravel\Lumen\Application), Array, Array, NULL)
#22 /Users/rama/project/lumen/lumenauth/vendor/illuminate/console/Command.php(183): Illuminate\Container\Container->call(Array)
#23 /Users/rama/project/lumen/lumenauth/vendor/symfony/console/Command/Command.php(255): Illuminate\Console\Command->execute(Object(Symfony\Component\Console\Input\ArgvInput), Object(Illuminate\Console\OutputStyle))
#24 /Users/rama/project/lumen/lumenauth/vendor/illuminate/console/Command.php(170): Symfony\Component\Console\Command\Command->run(Object(Symfony\Component\Console\Input\ArgvInput), Object(Illuminate\Console\OutputStyle))
#25 /Users/rama/project/lumen/lumenauth/vendor/symfony/console/Application.php(953): Illuminate\Console\Command->run(Object(Symfony\Component\Console\Input\ArgvInput), Object(Symfony\Component\Console\Output\ConsoleOutput))
#26 /Users/rama/project/lumen/lumenauth/vendor/symfony/console/Application.php(248): Symfony\Component\Console\Application->doRunCommand(Object(Illuminate\Database\Console\Migrations\MigrateCommand), Object(Symfony\Component\Console\Input\ArgvInput), Object(Symfony\Component\Console\Output\ConsoleOutput))
#27 /Users/rama/project/lumen/lumenauth/vendor/symfony/console/Application.php(148): Symfony\Component\Console\Application->doRun(Object(Symfony\Component\Console\Input\ArgvInput), Object(Symfony\Component\Console\Output\ConsoleOutput))
#28 /Users/rama/project/lumen/lumenauth/vendor/illuminate/console/Application.php(88): Symfony\Component\Console\Application->run(Object(Symfony\Component\Console\Input\ArgvInput), Object(Symfony\Component\Console\Output\ConsoleOutput))
#29 /Users/rama/project/lumen/lumenauth/vendor/laravel/lumen-framework/src/Console/Kernel.php(84): Illuminate\Console\Application->run(Object(Symfony\Component\Console\Input\ArgvInput), Object(Symfony\Component\Console\Output\ConsoleOutput))
#30 /Users/rama/project/lumen/lumenauth/artisan(35): Laravel\Lumen\Console\Kernel->handle(Object(Symfony\Component\Console\Input\ArgvInput), Object(Symfony\Component\Console\Output\ConsoleOutput))
#31 {main}

Next PDOException: SQLSTATE[HY000] [2054] The server requested authentication method unknown to the client in /Users/rama/project/lumen/lumenauth/vendor/illuminate/database/Connectors/Connector.php:67
Stack trace:
#0 /Users/rama/project/lumen/lumenauth/vendor/illuminate/database/Connectors/Connector.php(67): PDO->__construct('mysql:host=127....', 'root', 'Kul0nuwun', Array)
#1 /Users/rama/project/lumen/lumenauth/vendor/illuminate/database/Connectors/Connector.php(43): Illuminate\Database\Connectors\Connector->createPdoConnection('mysql:host=127....', 'root', 'Kul0nuwun', Array)
#2 /Users/rama/project/lumen/lumenauth/vendor/illuminate/database/Connectors/MySqlConnector.php(24): Illuminate\Database\Connectors\Connector->createConnection('mysql:host=127....', Array, Array)
#3 /Users/rama/project/lumen/lumenauth/vendor/illuminate/database/Connectors/ConnectionFactory.php(183): Illuminate\Database\Connectors\MySqlConnector->connect(Array)
#4 [internal function]: Illuminate\Database\Connectors\ConnectionFactory->Illuminate\Database\Connectors\{closure}()
#5 /Users/rama/project/lumen/lumenauth/vendor/illuminate/database/Connection.php(915): call_user_func(Object(Closure))
#6 /Users/rama/project/lumen/lumenauth/vendor/illuminate/database/Connection.php(940): Illuminate\Database\Connection->getPdo()
#7 /Users/rama/project/lumen/lumenauth/vendor/illuminate/database/Connection.php(399): Illuminate\Database\Connection->getReadPdo()
#8 /Users/rama/project/lumen/lumenauth/vendor/illuminate/database/Connection.php(325): Illuminate\Database\Connection->getPdoForSelect(true)
#9 /Users/rama/project/lumen/lumenauth/vendor/illuminate/database/Connection.php(657): Illuminate\Database\Connection->Illuminate\Database\{closure}('select * from i...', Array)
#10 /Users/rama/project/lumen/lumenauth/vendor/illuminate/database/Connection.php(624): Illuminate\Database\Connection->runQueryCallback('select * from i...', Array, Object(Closure))
#11 /Users/rama/project/lumen/lumenauth/vendor/illuminate/database/Connection.php(333): Illuminate\Database\Connection->run('select * from i...', Array, Object(Closure))
#12 /Users/rama/project/lumen/lumenauth/vendor/illuminate/database/Schema/MySqlBuilder.php(18): Illuminate\Database\Connection->select('select * from i...', Array)
#13 /Users/rama/project/lumen/lumenauth/vendor/illuminate/database/Migrations/DatabaseMigrationRepository.php(156): Illuminate\Database\Schema\MySqlBuilder->hasTable('migrations')
#14 /Users/rama/project/lumen/lumenauth/vendor/illuminate/database/Migrations/Migrator.php(545): Illuminate\Database\Migrations\DatabaseMigrationRepository->repositoryExists()
#15 /Users/rama/project/lumen/lumenauth/vendor/illuminate/database/Console/Migrations/MigrateCommand.php(96): Illuminate\Database\Migrations\Migrator->repositoryExists()
#16 /Users/rama/project/lumen/lumenauth/vendor/illuminate/database/Console/Migrations/MigrateCommand.php(62): Illuminate\Database\Console\Migrations\MigrateCommand->prepareDatabase()
#17 [internal function]: Illuminate\Database\Console\Migrations\MigrateCommand->handle()
#18 /Users/rama/project/lumen/lumenauth/vendor/illuminate/container/BoundMethod.php(29): call_user_func_array(Array, Array)
#19 /Users/rama/project/lumen/lumenauth/vendor/illuminate/container/BoundMethod.php(87): Illuminate\Container\BoundMethod::Illuminate\Container\{closure}()
#20 /Users/rama/project/lumen/lumenauth/vendor/illuminate/container/BoundMethod.php(31): Illuminate\Container\BoundMethod::callBoundMethod(Object(Laravel\Lumen\Application), Array, Object(Closure))
#21 /Users/rama/project/lumen/lumenauth/vendor/illuminate/container/Container.php(549): Illuminate\Container\BoundMethod::call(Object(Laravel\Lumen\Application), Array, Array, NULL)
#22 /Users/rama/project/lumen/lumenauth/vendor/illuminate/console/Command.php(183): Illuminate\Container\Container->call(Array)
#23 /Users/rama/project/lumen/lumenauth/vendor/symfony/console/Command/Command.php(255): Illuminate\Console\Command->execute(Object(Symfony\Component\Console\Input\ArgvInput), Object(Illuminate\Console\OutputStyle))
#24 /Users/rama/project/lumen/lumenauth/vendor/illuminate/console/Command.php(170): Symfony\Component\Console\Command\Command->run(Object(Symfony\Component\Console\Input\ArgvInput), Object(Illuminate\Console\OutputStyle))
#25 /Users/rama/project/lumen/lumenauth/vendor/symfony/console/Application.php(953): Illuminate\Console\Command->run(Object(Symfony\Component\Console\Input\ArgvInput), Object(Symfony\Component\Console\Output\ConsoleOutput))
#26 /Users/rama/project/lumen/lumenauth/vendor/symfony/console/Application.php(248): Symfony\Component\Console\Application->doRunCommand(Object(Illuminate\Database\Console\Migrations\MigrateCommand), Object(Symfony\Component\Console\Input\ArgvInput), Object(Symfony\Component\Console\Output\ConsoleOutput))
#27 /Users/rama/project/lumen/lumenauth/vendor/symfony/console/Application.php(148): Symfony\Component\Console\Application->doRun(Object(Symfony\Component\Console\Input\ArgvInput), Object(Symfony\Component\Console\Output\ConsoleOutput))
#28 /Users/rama/project/lumen/lumenauth/vendor/illuminate/console/Application.php(88): Symfony\Component\Console\Application->run(Object(Symfony\Component\Console\Input\ArgvInput), Object(Symfony\Component\Console\Output\ConsoleOutput))
#29 /Users/rama/project/lumen/lumenauth/vendor/laravel/lumen-framework/src/Console/Kernel.php(84): Illuminate\Console\Application->run(Object(Symfony\Component\Console\Input\ArgvInput), Object(Symfony\Component\Console\Output\ConsoleOutput))
#30 /Users/rama/project/lumen/lumenauth/artisan(35): Laravel\Lumen\Console\Kernel->handle(Object(Symfony\Component\Console\Input\ArgvInput), Object(Symfony\Component\Console\Output\ConsoleOutput))
#31 {main}  
[2018-12-17 07:40:45] lumen.ERROR: PDOException: PDO::__construct(): The server requested authentication method unknown to the client [caching_sha2_password] in /Users/rama/project/lumen/lumenauth/vendor/illuminate/database/Connectors/Connector.php:67
Stack trace:
#0 /Users/rama/project/lumen/lumenauth/vendor/illuminate/database/Connectors/Connector.php(67): PDO->__construct('mysql:host=127....', 'root', 'Kul0nuwun', Array)
#1 /Users/rama/project/lumen/lumenauth/vendor/illuminate/database/Connectors/Connector.php(43): Illuminate\Database\Connectors\Connector->createPdoConnection('mysql:host=127....', 'root', 'Kul0nuwun', Array)
#2 /Users/rama/project/lumen/lumenauth/vendor/illuminate/database/Connectors/MySqlConnector.php(24): Illuminate\Database\Connectors\Connector->createConnection('mysql:host=127....', Array, Array)
#3 /Users/rama/project/lumen/lumenauth/vendor/illuminate/database/Connectors/ConnectionFactory.php(183): Illuminate\Database\Connectors\MySqlConnector->connect(Array)
#4 [internal function]: Illuminate\Database\Connectors\ConnectionFactory->Illuminate\Database\Connectors\{closure}()
#5 /Users/rama/project/lumen/lumenauth/vendor/illuminate/database/Connection.php(915): call_user_func(Object(Closure))
#6 /Users/rama/project/lumen/lumenauth/vendor/illuminate/database/Connection.php(940): Illuminate\Database\Connection->getPdo()
#7 /Users/rama/project/lumen/lumenauth/vendor/illuminate/database/Connection.php(399): Illuminate\Database\Connection->getReadPdo()
#8 /Users/rama/project/lumen/lumenauth/vendor/illuminate/database/Connection.php(325): Illuminate\Database\Connection->getPdoForSelect(true)
#9 /Users/rama/project/lumen/lumenauth/vendor/illuminate/database/Connection.php(657): Illuminate\Database\Connection->Illuminate\Database\{closure}('select * from i...', Array)
#10 /Users/rama/project/lumen/lumenauth/vendor/illuminate/database/Connection.php(624): Illuminate\Database\Connection->runQueryCallback('select * from i...', Array, Object(Closure))
#11 /Users/rama/project/lumen/lumenauth/vendor/illuminate/database/Connection.php(333): Illuminate\Database\Connection->run('select * from i...', Array, Object(Closure))
#12 /Users/rama/project/lumen/lumenauth/vendor/illuminate/database/Schema/MySqlBuilder.php(18): Illuminate\Database\Connection->select('select * from i...', Array)
#13 /Users/rama/project/lumen/lumenauth/vendor/illuminate/database/Migrations/DatabaseMigrationRepository.php(156): Illuminate\Database\Schema\MySqlBuilder->hasTable('migrations')
#14 /Users/rama/project/lumen/lumenauth/vendor/illuminate/database/Migrations/Migrator.php(545): Illuminate\Database\Migrations\DatabaseMigrationRepository->repositoryExists()
#15 /Users/rama/project/lumen/lumenauth/vendor/illuminate/database/Console/Migrations/MigrateCommand.php(96): Illuminate\Database\Migrations\Migrator->repositoryExists()
#16 /Users/rama/project/lumen/lumenauth/vendor/illuminate/database/Console/Migrations/MigrateCommand.php(62): Illuminate\Database\Console\Migrations\MigrateCommand->prepareDatabase()
#17 [internal function]: Illuminate\Database\Console\Migrations\MigrateCommand->handle()
#18 /Users/rama/project/lumen/lumenauth/vendor/illuminate/container/BoundMethod.php(29): call_user_func_array(Array, Array)
#19 /Users/rama/project/lumen/lumenauth/vendor/illuminate/container/BoundMethod.php(87): Illuminate\Container\BoundMethod::Illuminate\Container\{closure}()
#20 /Users/rama/project/lumen/lumenauth/vendor/illuminate/container/BoundMethod.php(31): Illuminate\Container\BoundMethod::callBoundMethod(Object(Laravel\Lumen\Application), Array, Object(Closure))
#21 /Users/rama/project/lumen/lumenauth/vendor/illuminate/container/Container.php(549): Illuminate\Container\BoundMethod::call(Object(Laravel\Lumen\Application), Array, Array, NULL)
#22 /Users/rama/project/lumen/lumenauth/vendor/illuminate/console/Command.php(183): Illuminate\Container\Container->call(Array)
#23 /Users/rama/project/lumen/lumenauth/vendor/symfony/console/Command/Command.php(255): Illuminate\Console\Command->execute(Object(Symfony\Component\Console\Input\ArgvInput), Object(Illuminate\Console\OutputStyle))
#24 /Users/rama/project/lumen/lumenauth/vendor/illuminate/console/Command.php(170): Symfony\Component\Console\Command\Command->run(Object(Symfony\Component\Console\Input\ArgvInput), Object(Illuminate\Console\OutputStyle))
#25 /Users/rama/project/lumen/lumenauth/vendor/symfony/console/Application.php(953): Illuminate\Console\Command->run(Object(Symfony\Component\Console\Input\ArgvInput), Object(Symfony\Component\Console\Output\ConsoleOutput))
#26 /Users/rama/project/lumen/lumenauth/vendor/symfony/console/Application.php(248): Symfony\Component\Console\Application->doRunCommand(Object(Illuminate\Database\Console\Migrations\MigrateCommand), Object(Symfony\Component\Console\Input\ArgvInput), Object(Symfony\Component\Console\Output\ConsoleOutput))
#27 /Users/rama/project/lumen/lumenauth/vendor/symfony/console/Application.php(148): Symfony\Component\Console\Application->doRun(Object(Symfony\Component\Console\Input\ArgvInput), Object(Symfony\Component\Console\Output\ConsoleOutput))
#28 /Users/rama/project/lumen/lumenauth/vendor/illuminate/console/Application.php(88): Symfony\Component\Console\Application->run(Object(Symfony\Component\Console\Input\ArgvInput), Object(Symfony\Component\Console\Output\ConsoleOutput))
#29 /Users/rama/project/lumen/lumenauth/vendor/laravel/lumen-framework/src/Console/Kernel.php(84): Illuminate\Console\Application->run(Object(Symfony\Component\Console\Input\ArgvInput), Object(Symfony\Component\Console\Output\ConsoleOutput))
#30 /Users/rama/project/lumen/lumenauth/artisan(35): Laravel\Lumen\Console\Kernel->handle(Object(Symfony\Component\Console\Input\ArgvInput), Object(Symfony\Component\Console\Output\ConsoleOutput))
#31 {main}

Next PDOException: SQLSTATE[HY000] [2054] The server requested authentication method unknown to the client in /Users/rama/project/lumen/lumenauth/vendor/illuminate/database/Connectors/Connector.php:67
Stack trace:
#0 /Users/rama/project/lumen/lumenauth/vendor/illuminate/database/Connectors/Connector.php(67): PDO->__construct('mysql:host=127....', 'root', 'Kul0nuwun', Array)
#1 /Users/rama/project/lumen/lumenauth/vendor/illuminate/database/Connectors/Connector.php(43): Illuminate\Database\Connectors\Connector->createPdoConnection('mysql:host=127....', 'root', 'Kul0nuwun', Array)
#2 /Users/rama/project/lumen/lumenauth/vendor/illuminate/database/Connectors/MySqlConnector.php(24): Illuminate\Database\Connectors\Connector->createConnection('mysql:host=127....', Array, Array)
#3 /Users/rama/project/lumen/lumenauth/vendor/illuminate/database/Connectors/ConnectionFactory.php(183): Illuminate\Database\Connectors\MySqlConnector->connect(Array)
#4 [internal function]: Illuminate\Database\Connectors\ConnectionFactory->Illuminate\Database\Connectors\{closure}()
#5 /Users/rama/project/lumen/lumenauth/vendor/illuminate/database/Connection.php(915): call_user_func(Object(Closure))
#6 /Users/rama/project/lumen/lumenauth/vendor/illuminate/database/Connection.php(940): Illuminate\Database\Connection->getPdo()
#7 /Users/rama/project/lumen/lumenauth/vendor/illuminate/database/Connection.php(399): Illuminate\Database\Connection->getReadPdo()
#8 /Users/rama/project/lumen/lumenauth/vendor/illuminate/database/Connection.php(325): Illuminate\Database\Connection->getPdoForSelect(true)
#9 /Users/rama/project/lumen/lumenauth/vendor/illuminate/database/Connection.php(657): Illuminate\Database\Connection->Illuminate\Database\{closure}('select * from i...', Array)
#10 /Users/rama/project/lumen/lumenauth/vendor/illuminate/database/Connection.php(624): Illuminate\Database\Connection->runQueryCallback('select * from i...', Array, Object(Closure))
#11 /Users/rama/project/lumen/lumenauth/vendor/illuminate/database/Connection.php(333): Illuminate\Database\Connection->run('select * from i...', Array, Object(Closure))
#12 /Users/rama/project/lumen/lumenauth/vendor/illuminate/database/Schema/MySqlBuilder.php(18): Illuminate\Database\Connection->select('select * from i...', Array)
#13 /Users/rama/project/lumen/lumenauth/vendor/illuminate/database/Migrations/DatabaseMigrationRepository.php(156): Illuminate\Database\Schema\MySqlBuilder->hasTable('migrations')
#14 /Users/rama/project/lumen/lumenauth/vendor/illuminate/database/Migrations/Migrator.php(545): Illuminate\Database\Migrations\DatabaseMigrationRepository->repositoryExists()
#15 /Users/rama/project/lumen/lumenauth/vendor/illuminate/database/Console/Migrations/MigrateCommand.php(96): Illuminate\Database\Migrations\Migrator->repositoryExists()
#16 /Users/rama/project/lumen/lumenauth/vendor/illuminate/database/Console/Migrations/MigrateCommand.php(62): Illuminate\Database\Console\Migrations\MigrateCommand->prepareDatabase()
#17 [internal function]: Illuminate\Database\Console\Migrations\MigrateCommand->handle()
#18 /Users/rama/project/lumen/lumenauth/vendor/illuminate/container/BoundMethod.php(29): call_user_func_array(Array, Array)
#19 /Users/rama/project/lumen/lumenauth/vendor/illuminate/container/BoundMethod.php(87): Illuminate\Container\BoundMethod::Illuminate\Container\{closure}()
#20 /Users/rama/project/lumen/lumenauth/vendor/illuminate/container/BoundMethod.php(31): Illuminate\Container\BoundMethod::callBoundMethod(Object(Laravel\Lumen\Application), Array, Object(Closure))
#21 /Users/rama/project/lumen/lumenauth/vendor/illuminate/container/Container.php(549): Illuminate\Container\BoundMethod::call(Object(Laravel\Lumen\Application), Array, Array, NULL)
#22 /Users/rama/project/lumen/lumenauth/vendor/illuminate/console/Command.php(183): Illuminate\Container\Container->call(Array)
#23 /Users/rama/project/lumen/lumenauth/vendor/symfony/console/Command/Command.php(255): Illuminate\Console\Command->execute(Object(Symfony\Component\Console\Input\ArgvInput), Object(Illuminate\Console\OutputStyle))
#24 /Users/rama/project/lumen/lumenauth/vendor/illuminate/console/Command.php(170): Symfony\Component\Console\Command\Command->run(Object(Symfony\Component\Console\Input\ArgvInput), Object(Illuminate\Console\OutputStyle))
#25 /Users/rama/project/lumen/lumenauth/vendor/symfony/console/Application.php(953): Illuminate\Console\Command->run(Object(Symfony\Component\Console\Input\ArgvInput), Object(Symfony\Component\Console\Output\ConsoleOutput))
#26 /Users/rama/project/lumen/lumenauth/vendor/symfony/console/Application.php(248): Symfony\Component\Console\Application->doRunCommand(Object(Illuminate\Database\Console\Migrations\MigrateCommand), Object(Symfony\Component\Console\Input\ArgvInput), Object(Symfony\Component\Console\Output\ConsoleOutput))
#27 /Users/rama/project/lumen/lumenauth/vendor/symfony/console/Application.php(148): Symfony\Component\Console\Application->doRun(Object(Symfony\Component\Console\Input\ArgvInput), Object(Symfony\Component\Console\Output\ConsoleOutput))
#28 /Users/rama/project/lumen/lumenauth/vendor/illuminate/console/Application.php(88): Symfony\Component\Console\Application->run(Object(Symfony\Component\Console\Input\ArgvInput), Object(Symfony\Component\Console\Output\ConsoleOutput))
#29 /Users/rama/project/lumen/lumenauth/vendor/laravel/lumen-framework/src/Console/Kernel.php(84): Illuminate\Console\Application->run(Object(Symfony\Component\Console\Input\ArgvInput), Object(Symfony\Component\Console\Output\ConsoleOutput))
#30 /Users/rama/project/lumen/lumenauth/artisan(35): Laravel\Lumen\Console\Kernel->handle(Object(Symfony\Component\Console\Input\ArgvInput), Object(Symfony\Component\Console\Output\ConsoleOutput))
#31 {main}

Next Illuminate\Database\QueryException: SQLSTATE[HY000] [2054] The server requested authentication method unknown to the client (SQL: select * from information_schema.tables where table_schema = lumenauth and table_name = migrations) in /Users/rama/project/lumen/lumenauth/vendor/illuminate/database/Connection.php:664
Stack trace:
#0 /Users/rama/project/lumen/lumenauth/vendor/illuminate/database/Connection.php(624): Illuminate\Database\Connection->runQueryCallback('select * from i...', Array, Object(Closure))
#1 /Users/rama/project/lumen/lumenauth/vendor/illuminate/database/Connection.php(333): Illuminate\Database\Connection->run('select * from i...', Array, Object(Closure))
#2 /Users/rama/project/lumen/lumenauth/vendor/illuminate/database/Schema/MySqlBuilder.php(18): Illuminate\Database\Connection->select('select * from i...', Array)
#3 /Users/rama/project/lumen/lumenauth/vendor/illuminate/database/Migrations/DatabaseMigrationRepository.php(156): Illuminate\Database\Schema\MySqlBuilder->hasTable('migrations')
#4 /Users/rama/project/lumen/lumenauth/vendor/illuminate/database/Migrations/Migrator.php(545): Illuminate\Database\Migrations\DatabaseMigrationRepository->repositoryExists()
#5 /Users/rama/project/lumen/lumenauth/vendor/illuminate/database/Console/Migrations/MigrateCommand.php(96): Illuminate\Database\Migrations\Migrator->repositoryExists()
#6 /Users/rama/project/lumen/lumenauth/vendor/illuminate/database/Console/Migrations/MigrateCommand.php(62): Illuminate\Database\Console\Migrations\MigrateCommand->prepareDatabase()
#7 [internal function]: Illuminate\Database\Console\Migrations\MigrateCommand->handle()
#8 /Users/rama/project/lumen/lumenauth/vendor/illuminate/container/BoundMethod.php(29): call_user_func_array(Array, Array)
#9 /Users/rama/project/lumen/lumenauth/vendor/illuminate/container/BoundMethod.php(87): Illuminate\Container\BoundMethod::Illuminate\Container\{closure}()
#10 /Users/rama/project/lumen/lumenauth/vendor/illuminate/container/BoundMethod.php(31): Illuminate\Container\BoundMethod::callBoundMethod(Object(Laravel\Lumen\Application), Array, Object(Closure))
#11 /Users/rama/project/lumen/lumenauth/vendor/illuminate/container/Container.php(549): Illuminate\Container\BoundMethod::call(Object(Laravel\Lumen\Application), Array, Array, NULL)
#12 /Users/rama/project/lumen/lumenauth/vendor/illuminate/console/Command.php(183): Illuminate\Container\Container->call(Array)
#13 /Users/rama/project/lumen/lumenauth/vendor/symfony/console/Command/Command.php(255): Illuminate\Console\Command->execute(Object(Symfony\Component\Console\Input\ArgvInput), Object(Illuminate\Console\OutputStyle))
#14 /Users/rama/project/lumen/lumenauth/vendor/illuminate/console/Command.php(170): Symfony\Component\Console\Command\Command->run(Object(Symfony\Component\Console\Input\ArgvInput), Object(Illuminate\Console\OutputStyle))
#15 /Users/rama/project/lumen/lumenauth/vendor/symfony/console/Application.php(953): Illuminate\Console\Command->run(Object(Symfony\Component\Console\Input\ArgvInput), Object(Symfony\Component\Console\Output\ConsoleOutput))
#16 /Users/rama/project/lumen/lumenauth/vendor/symfony/console/Application.php(248): Symfony\Component\Console\Application->doRunCommand(Object(Illuminate\Database\Console\Migrations\MigrateCommand), Object(Symfony\Component\Console\Input\ArgvInput), Object(Symfony\Component\Console\Output\ConsoleOutput))
#17 /Users/rama/project/lumen/lumenauth/vendor/symfony/console/Application.php(148): Symfony\Component\Console\Application->doRun(Object(Symfony\Component\Console\Input\ArgvInput), Object(Symfony\Component\Console\Output\ConsoleOutput))
#18 /Users/rama/project/lumen/lumenauth/vendor/illuminate/console/Application.php(88): Symfony\Component\Console\Application->run(Object(Symfony\Component\Console\Input\ArgvInput), Object(Symfony\Component\Console\Output\ConsoleOutput))
#19 /Users/rama/project/lumen/lumenauth/vendor/laravel/lumen-framework/src/Console/Kernel.php(84): Illuminate\Console\Application->run(Object(Symfony\Component\Console\Input\ArgvInput), Object(Symfony\Component\Console\Output\ConsoleOutput))
#20 /Users/rama/project/lumen/lumenauth/artisan(35): Laravel\Lumen\Console\Kernel->handle(Object(Symfony\Component\Console\Input\ArgvInput), Object(Symfony\Component\Console\Output\ConsoleOutput))
#21 {main}  
